<?xml version="1.0" encoding="UTF-8"?>
<!-- Generated by org.testng.reporters.JUnitReportReporter -->
<testsuite skipped="0" hostname="RCH20LAP015" name="com.vmuat.cucumber.runners.TestNGRunner" tests="15" failures="0" timestamp="2020-03-26T15:20:25 IST" time="0.517" errors="0">
  <testcase name="runScenario" time="0.017" classname="com.vmuat.cucumber.runners.TestNGRunner"/>
  <system-out/>
  <testcase name="runScenario" time="0.016" classname="com.vmuat.cucumber.runners.TestNGRunner"/>
  <system-out/>
  <testcase name="runScenario" time="0.008" classname="com.vmuat.cucumber.runners.TestNGRunner"/>
  <system-out/>
  <testcase name="runScenario" time="0.014" classname="com.vmuat.cucumber.runners.TestNGRunner"/>
  <system-out/>
  <testcase name="runScenario" time="0.013" classname="com.vmuat.cucumber.runners.TestNGRunner"/>
  <system-out/>
  <testcase name="runScenario" time="0.010" classname="com.vmuat.cucumber.runners.TestNGRunner"/>
  <system-out/>
  <testcase name="runScenario" time="0.046" classname="com.vmuat.cucumber.runners.TestNGRunner"/>
  <system-out/>
  <testcase name="runScenario" time="0.021" classname="com.vmuat.cucumber.runners.TestNGRunner"/>
  <system-out/>
  <testcase name="runScenario" time="0.016" classname="com.vmuat.cucumber.runners.TestNGRunner"/>
  <system-out/>
  <testcase name="runScenario" time="0.011" classname="com.vmuat.cucumber.runners.TestNGRunner"/>
  <system-out/>
  <testcase name="runScenario" time="0.013" classname="com.vmuat.cucumber.runners.TestNGRunner"/>
  <system-out/>
  <testcase name="runScenario" time="0.048" classname="com.vmuat.cucumber.runners.TestNGRunner"/>
  <system-out/>
  <testcase name="runScenario" time="0.018" classname="com.vmuat.cucumber.runners.TestNGRunner"/>
  <system-out/>
  <testcase name="runScenario" time="0.015" classname="com.vmuat.cucumber.runners.TestNGRunner"/>
  <system-out/>
  <testcase name="runScenario" time="0.251" classname="com.vmuat.cucumber.runners.TestNGRunner"/>
  <system-out/>
</testsuite> <!-- com.vmuat.cucumber.runners.TestNGRunner -->
